Lorwik ha entrado al juego. UserIndex:1 19:35:21 24/02/2012
LORWIK ha dejado el juego. User Index:1 19:35:25 24/02/2012
Lorwik ha entrado al juego. UserIndex:1 19:35:42 24/02/2012
LORWIK ha dejado el juego. User Index:1 19:35:53 24/02/2012
Lorwik ha entrado al juego. UserIndex:1 19:36:04 24/02/2012
LORWIK ha dejado el juego. User Index:1 19:39:44 24/02/2012
asd ha entrado al juego. UserIndex:1 4:30:00 26/02/2012
ASD ha dejado el juego. User Index:1 4:30:05 26/02/2012
gjgfjgj ha entrado al juego. UserIndex:1 20:45:41 26/02/2012
GJGFJGJ ha dejado el juego. User Index:1 20:45:46 26/02/2012
gdsfgsdg ha entrado al juego. UserIndex:1 20:46:13 26/02/2012
GDSFGSDG ha dejado el juego. User Index:1 20:46:30 26/02/2012
gdsfgsdg ha entrado al juego. UserIndex:1 20:48:41 26/02/2012
GDSFGSDG ha dejado el juego. User Index:1 20:49:07 26/02/2012
Lorwik ha entrado al juego. UserIndex:1 20:49:38 26/02/2012
LORWIK ha dejado el juego. User Index:1 20:51:30 26/02/2012
gdsfgsdg ha entrado al juego. UserIndex:1 20:52:31 26/02/2012
GDSFGSDG ha dejado el juego. User Index:1 20:52:35 26/02/2012
Lorwik ha entrado al juego. UserIndex:1 20:52:37 26/02/2012
LORWIK ha dejado el juego. User Index:1 20:53:57 26/02/2012
Lorwik ha entrado al juego. UserIndex:1 20:53:58 26/02/2012
LORWIK ha dejado el juego. User Index:1 20:54:03 26/02/2012
Lorwik ha entrado al juego. UserIndex:1 20:54:56 26/02/2012
LORWIK ha dejado el juego. User Index:1 20:55:08 26/02/2012
Lorwik ha entrado al juego. UserIndex:1 20:55:10 26/02/2012
LORWIK ha dejado el juego. User Index:1 20:55:13 26/02/2012
Lorwik ha entrado al juego. UserIndex:1 22:56:52 26/02/2012
Lorwik ha entrado al juego. UserIndex:1 23:00:48 26/02/2012
LORWIK ha dejado el juego. User Index:1 23:00:51 26/02/2012
Lorwik ha entrado al juego. UserIndex:1 23:01:02 26/02/2012
LORWIK ha dejado el juego. User Index:1 23:03:38 26/02/2012
Lorwik ha entrado al juego. UserIndex:1 23:08:14 26/02/2012
LORWIK ha dejado el juego. User Index:1 23:09:20 26/02/2012
Lorwik ha entrado al juego. UserIndex:1 20:13:40 27/02/2012
LORWIK ha dejado el juego. User Index:1 20:14:03 27/02/2012
Lorwik ha entrado al juego. UserIndex:1 20:16:27 27/02/2012
LORWIK ha dejado el juego. User Index:1 20:16:31 27/02/2012
Lorwik ha entrado al juego. UserIndex:1 20:16:51 27/02/2012
LORWIK ha dejado el juego. User Index:1 20:17:34 27/02/2012
Lorwik ha entrado al juego. UserIndex:1 20:19:15 27/02/2012
LORWIK ha dejado el juego. User Index:1 20:19:25 27/02/2012
Lorwik ha entrado al juego. UserIndex:1 18:00:09 28/02/2012
LORWIK ha dejado el juego. User Index:1 18:00:13 28/02/2012
Lorwik ha entrado al juego. UserIndex:1 18:01:10 28/02/2012
LORWIK ha dejado el juego. User Index:1 18:02:00 28/02/2012
Lorwik ha entrado al juego. UserIndex:1 18:06:47 28/02/2012
LORWIK ha dejado el juego. User Index:1 18:07:14 28/02/2012
Lorwik ha entrado al juego. UserIndex:1 18:07:33 28/02/2012
LORWIK ha dejado el juego. User Index:1 18:08:12 28/02/2012
Lorwik ha entrado al juego. UserIndex:1 18:09:38 28/02/2012
LORWIK ha dejado el juego. User Index:1 18:10:32 28/02/2012
Lorwik ha entrado al juego. UserIndex:1 18:10:34 28/02/2012
LORWIK ha dejado el juego. User Index:1 18:11:36 28/02/2012
Lorwik ha entrado al juego. UserIndex:1 18:12:40 28/02/2012
LORWIK ha dejado el juego. User Index:1 18:16:00 28/02/2012
Lorwik ha entrado al juego. UserIndex:1 18:17:03 28/02/2012
LORWIK ha dejado el juego. User Index:1 18:17:49 28/02/2012
Lorwik ha entrado al juego. UserIndex:1 18:18:10 28/02/2012
LORWIK ha dejado el juego. User Index:1 18:18:55 28/02/2012
Lorwik ha entrado al juego. UserIndex:1 18:19:29 28/02/2012
LORWIK ha dejado el juego. User Index:1 18:19:47 28/02/2012
Lorwik ha entrado al juego. UserIndex:1 18:20:02 28/02/2012
LORWIK ha dejado el juego. User Index:1 18:20:30 28/02/2012
Lorwik ha entrado al juego. UserIndex:1 18:21:05 28/02/2012
LORWIK ha dejado el juego. User Index:1 18:21:53 28/02/2012
Lorwik ha entrado al juego. UserIndex:1 19:49:29 28/02/2012
LORWIK ha dejado el juego. User Index:1 19:50:44 28/02/2012
Lorwik ha entrado al juego. UserIndex:1 19:51:58 28/02/2012
LORWIK ha dejado el juego. User Index:1 19:52:27 28/02/2012
Lorwik ha entrado al juego. UserIndex:1 19:53:46 28/02/2012
LORWIK ha dejado el juego. User Index:1 19:54:07 28/02/2012
Lorwik ha entrado al juego. UserIndex:1 20:10:22 28/02/2012
LORWIK ha dejado el juego. User Index:1 20:13:42 28/02/2012
Lorwik ha entrado al juego. UserIndex:1 19:46:35 02/03/2012
LORWIK ha dejado el juego. User Index:1 19:46:43 02/03/2012
Lorwik ha entrado al juego. UserIndex:1 19:47:37 02/03/2012
LORWIK ha dejado el juego. User Index:1 19:49:35 02/03/2012
Lorwik ha entrado al juego. UserIndex:1 22:31:03 03/03/2012
LORWIK ha dejado el juego. User Index:1 22:31:08 03/03/2012
Lorwik ha entrado al juego. UserIndex:1 20:44:04 19/03/2012
LORWIK ha dejado el juego. User Index:1 20:45:42 19/03/2012
Lorwik ha entrado al juego. UserIndex:1 20:48:39 19/03/2012
LORWIK ha dejado el juego. User Index:1 20:49:33 19/03/2012
Lorwik ha entrado al juego. UserIndex:1 20:52:14 19/03/2012
LORWIK ha dejado el juego. User Index:1 20:55:12 19/03/2012
Lorwik ha entrado al juego. UserIndex:1 20:56:42 19/03/2012
LORWIK ha dejado el juego. User Index:1 20:57:42 19/03/2012
Lorwik ha entrado al juego. UserIndex:1 20:59:54 19/03/2012
LORWIK ha dejado el juego. User Index:1 21:01:17 19/03/2012
Lorwik ha entrado al juego. UserIndex:1 21:05:26 19/03/2012
LORWIK ha dejado el juego. User Index:1 21:05:31 19/03/2012
Lorwik ha entrado al juego. UserIndex:1 21:05:33 19/03/2012
LORWIK ha dejado el juego. User Index:1 21:05:37 19/03/2012
Lorwik ha entrado al juego. UserIndex:1 21:08:36 19/03/2012
LORWIK ha dejado el juego. User Index:1 21:10:33 19/03/2012
Lorwik ha entrado al juego. UserIndex:1 21:23:09 19/03/2012
LORWIK ha dejado el juego. User Index:1 21:24:18 19/03/2012
Lorwik ha entrado al juego. UserIndex:1 12:19:00 20/03/2012
LORWIK ha dejado el juego. User Index:1 12:19:26 20/03/2012
Lorwik ha entrado al juego. UserIndex:1 12:19:59 20/03/2012
LORWIK ha dejado el juego. User Index:1 12:21:04 20/03/2012
Lorwik ha entrado al juego. UserIndex:1 12:21:06 20/03/2012
LORWIK ha dejado el juego. User Index:1 12:21:13 20/03/2012
Lorwik ha entrado al juego. UserIndex:1 12:38:59 20/03/2012
LORWIK ha dejado el juego. User Index:1 12:39:18 20/03/2012
Lorwik ha entrado al juego. UserIndex:1 12:39:48 20/03/2012
LORWIK ha dejado el juego. User Index:1 12:41:31 20/03/2012
Lorwik ha entrado al juego. UserIndex:1 12:42:39 20/03/2012
LORWIK ha dejado el juego. User Index:1 12:43:15 20/03/2012
Lorwik ha entrado al juego. UserIndex:1 15:59:55 22/03/2012
LORWIK ha dejado el juego. User Index:1 16:00:33 22/03/2012
Lorwik ha entrado al juego. UserIndex:1 16:03:58 22/03/2012
LORWIK ha dejado el juego. User Index:1 16:04:23 22/03/2012
Lorwik ha entrado al juego. UserIndex:1 16:04:45 22/03/2012
LORWIK ha dejado el juego. User Index:1 16:04:53 22/03/2012
