24/02/2012 19:35:21 Se conecto con ip:127.0.0.1
24/02/2012 19:35:42 Se conecto con ip:127.0.0.1
24/02/2012 19:35:48 /MOD EXP 20000000  lorwik
24/02/2012 19:36:04 Se conecto con ip:127.0.0.1
24/02/2012 19:36:12 Transportó a Lorwik hacia Mapa85 X:50 Y:50
24/02/2012 19:37:28 Transportó a Lorwik hacia Mapa168 X:39 Y:26
24/02/2012 19:37:33 Transportó a Lorwik hacia Mapa168 X:31 Y:16
24/02/2012 19:37:33 Transportó a Lorwik hacia Mapa168 X:25 Y:14
24/02/2012 19:37:37 Transportó a Lorwik hacia Mapa168 X:31 Y:16
24/02/2012 19:37:37 Transportó a Lorwik hacia Mapa168 X:38 Y:18
24/02/2012 19:37:37 Transportó a Lorwik hacia Mapa168 X:46 Y:20
24/02/2012 19:37:41 Transportó a Lorwik hacia Mapa168 X:40 Y:17
24/02/2012 19:37:42 Transportó a Lorwik hacia Mapa168 X:44 Y:16
24/02/2012 19:37:43 Transportó a Lorwik hacia Mapa168 X:50 Y:15
24/02/2012 19:37:43 Transportó a Lorwik hacia Mapa168 X:57 Y:14
24/02/2012 19:37:43 Transportó a Lorwik hacia Mapa168 X:64 Y:14
24/02/2012 19:37:53 Transportó a Lorwik hacia Mapa168 X:69 Y:16
24/02/2012 19:37:55 Transportó a Lorwik hacia Mapa168 X:71 Y:17
24/02/2012 19:37:55 Transportó a Lorwik hacia Mapa168 X:70 Y:22
24/02/2012 19:37:56 Transportó a Lorwik hacia Mapa168 X:68 Y:27
24/02/2012 19:38:02 Transportó a Lorwik hacia Mapa168 X:62 Y:30
24/02/2012 19:38:03 Transportó a Lorwik hacia Mapa168 X:56 Y:29
24/02/2012 19:38:06 Transportó a Lorwik hacia Mapa168 X:50 Y:32
24/02/2012 19:38:06 Transportó a Lorwik hacia Mapa168 X:45 Y:35
24/02/2012 19:38:06 Transportó a Lorwik hacia Mapa168 X:47 Y:38
24/02/2012 19:38:06 Transportó a Lorwik hacia Mapa168 X:53 Y:38
24/02/2012 19:38:07 Transportó a Lorwik hacia Mapa168 X:58 Y:39
24/02/2012 19:38:08 Transportó a Lorwik hacia Mapa168 X:63 Y:37
24/02/2012 19:38:09 Transportó a Lorwik hacia Mapa168 X:70 Y:33
24/02/2012 19:38:09 Transportó a Lorwik hacia Mapa168 X:73 Y:30
24/02/2012 19:38:09 Transportó a Lorwik hacia Mapa168 X:73 Y:32
24/02/2012 19:38:09 Transportó a Lorwik hacia Mapa168 X:72 Y:35
24/02/2012 19:38:10 Transportó a Lorwik hacia Mapa168 X:70 Y:39
24/02/2012 19:38:10 Transportó a Lorwik hacia Mapa168 X:70 Y:43
24/02/2012 19:38:10 Transportó a Lorwik hacia Mapa168 X:71 Y:47
24/02/2012 19:38:10 Transportó a Lorwik hacia Mapa168 X:73 Y:51
24/02/2012 19:38:10 Transportó a Lorwik hacia Mapa168 X:74 Y:56
24/02/2012 19:38:11 Transportó a Lorwik hacia Mapa168 X:76 Y:58
24/02/2012 19:38:11 Transportó a Lorwik hacia Mapa168 X:81 Y:56
24/02/2012 19:38:13 Transportó a Lorwik hacia Mapa168 X:81 Y:59
24/02/2012 19:38:14 Transportó a Lorwik hacia Mapa168 X:80 Y:63
24/02/2012 19:38:14 Transportó a Lorwik hacia Mapa168 X:79 Y:67
24/02/2012 19:38:14 Transportó a Lorwik hacia Mapa168 X:81 Y:71
24/02/2012 19:38:14 Transportó a Lorwik hacia Mapa168 X:83 Y:75
24/02/2012 19:38:16 Transportó a Lorwik hacia Mapa168 X:77 Y:76
24/02/2012 19:38:25 /CI: 1160
24/02/2012 19:38:26 Agarro:100 Objeto:Tunica de Akatsuki
24/02/2012 19:38:33 Transportó a Lorwik hacia Mapa168 X:66 Y:77
24/02/2012 19:38:33 Transportó a Lorwik hacia Mapa168 X:61 Y:78
24/02/2012 19:38:39 Transportó a Lorwik hacia Mapa168 X:47 Y:78
24/02/2012 19:38:39 Transportó a Lorwik hacia Mapa168 X:40 Y:76
24/02/2012 19:38:40 Transportó a Lorwik hacia Mapa168 X:33 Y:75
24/02/2012 19:38:45 Transportó a Lorwik hacia Mapa168 X:27 Y:76
24/02/2012 19:38:47 Transportó a Lorwik hacia Mapa168 X:34 Y:74
24/02/2012 19:38:47 Transportó a Lorwik hacia Mapa168 X:41 Y:70
24/02/2012 19:38:48 Transportó a Lorwik hacia Mapa168 X:48 Y:66
24/02/2012 19:38:48 Transportó a Lorwik hacia Mapa168 X:52 Y:62
24/02/2012 19:38:48 Transportó a Lorwik hacia Mapa168 X:53 Y:59
24/02/2012 19:38:48 Transportó a Lorwik hacia Mapa168 X:50 Y:57
24/02/2012 19:38:51 Transportó a Lorwik hacia Mapa168 X:64 Y:9
24/02/2012 19:38:52 Transportó a Lorwik hacia Mapa168 X:68 Y:9
24/02/2012 19:38:59 Transportó a Lorwik hacia Mapa169 X:58 Y:80
24/02/2012 19:39:00 Transportó a Lorwik hacia Mapa169 X:29 Y:46
24/02/2012 19:39:00 Transportó a Lorwik hacia Mapa169 X:26 Y:26
24/02/2012 19:39:04 Transportó a Lorwik hacia Mapa169 X:21 Y:23
24/02/2012 19:39:05 Transportó a Lorwik hacia Mapa169 X:16 Y:20
24/02/2012 19:39:05 Transportó a Lorwik hacia Mapa169 X:19 Y:21
24/02/2012 19:39:05 Transportó a Lorwik hacia Mapa169 X:22 Y:24
24/02/2012 19:39:05 Transportó a Lorwik hacia Mapa169 X:21 Y:28
24/02/2012 19:39:06 Transportó a Lorwik hacia Mapa169 X:19 Y:32
24/02/2012 19:39:06 Transportó a Lorwik hacia Mapa169 X:21 Y:35
24/02/2012 19:39:06 Transportó a Lorwik hacia Mapa169 X:27 Y:31
24/02/2012 19:39:06 Transportó a Lorwik hacia Mapa169 X:33 Y:27
24/02/2012 19:39:07 Transportó a Lorwik hacia Mapa169 X:39 Y:23
24/02/2012 19:39:07 Transportó a Lorwik hacia Mapa169 X:45 Y:19
24/02/2012 19:39:14 Transportó a Lorwik hacia Mapa169 X:45 Y:23
24/02/2012 19:39:15 Transportó a Lorwik hacia Mapa169 X:41 Y:27
24/02/2012 19:39:15 Transportó a Lorwik hacia Mapa169 X:37 Y:31
24/02/2012 19:39:15 Transportó a Lorwik hacia Mapa169 X:33 Y:28
24/02/2012 19:39:16 Transportó a Lorwik hacia Mapa169 X:29 Y:25
24/02/2012 19:39:16 Transportó a Lorwik hacia Mapa169 X:24 Y:24
24/02/2012 19:39:16 Transportó a Lorwik hacia Mapa169 X:19 Y:21
24/02/2012 19:39:17 Transportó a Lorwik hacia Mapa169 X:15 Y:18
24/02/2012 19:39:17 Transportó a Lorwik hacia Mapa169 X:17 Y:20
24/02/2012 19:39:17 Transportó a Lorwik hacia Mapa169 X:18 Y:24
24/02/2012 19:39:17 Transportó a Lorwik hacia Mapa169 X:17 Y:27
24/02/2012 19:39:17 Transportó a Lorwik hacia Mapa169 X:17 Y:31
24/02/2012 19:39:18 Transportó a Lorwik hacia Mapa169 X:21 Y:35
24/02/2012 19:39:18 Transportó a Lorwik hacia Mapa169 X:28 Y:35
24/02/2012 19:39:18 Transportó a Lorwik hacia Mapa169 X:36 Y:33
24/02/2012 19:39:18 Transportó a Lorwik hacia Mapa169 X:43 Y:30
24/02/2012 19:39:19 Transportó a Lorwik hacia Mapa169 X:50 Y:26
24/02/2012 19:39:19 Transportó a Lorwik hacia Mapa169 X:53 Y:21
24/02/2012 19:39:19 Transportó a Lorwik hacia Mapa169 X:47 Y:17
24/02/2012 19:39:20 Transportó a Lorwik hacia Mapa169 X:53 Y:21
24/02/2012 19:39:20 Transportó a Lorwik hacia Mapa169 X:58 Y:26
24/02/2012 19:39:20 Transportó a Lorwik hacia Mapa169 X:62 Y:32
24/02/2012 19:39:21 Transportó a Lorwik hacia Mapa169 X:60 Y:35
24/02/2012 19:39:21 Transportó a Lorwik hacia Mapa169 X:59 Y:39
24/02/2012 19:39:21 Transportó a Lorwik hacia Mapa169 X:59 Y:43
24/02/2012 19:39:21 Transportó a Lorwik hacia Mapa169 X:59 Y:47
24/02/2012 19:39:23 Transportó a Lorwik hacia Mapa169 X:65 Y:48
24/02/2012 19:39:23 Transportó a Lorwik hacia Mapa169 X:71 Y:49
24/02/2012 19:39:23 Transportó a Lorwik hacia Mapa169 X:77 Y:49
24/02/2012 19:39:24 Transportó a Lorwik hacia Mapa169 X:83 Y:48
24/02/2012 19:39:24 Transportó a Lorwik hacia Mapa169 X:85 Y:51
24/02/2012 19:39:24 Transportó a Lorwik hacia Mapa169 X:86 Y:54
24/02/2012 19:39:24 Transportó a Lorwik hacia Mapa169 X:86 Y:58
24/02/2012 19:39:26 Transportó a Lorwik hacia Mapa169 X:79 Y:61
24/02/2012 19:39:27 Transportó a Lorwik hacia Mapa169 X:74 Y:61
24/02/2012 19:39:27 Transportó a Lorwik hacia Mapa169 X:69 Y:61
24/02/2012 19:39:27 Transportó a Lorwik hacia Mapa169 X:63 Y:60
24/02/2012 19:39:28 Transportó a Lorwik hacia Mapa169 X:56 Y:59
24/02/2012 19:39:28 Transportó a Lorwik hacia Mapa169 X:49 Y:58
24/02/2012 19:39:28 Transportó a Lorwik hacia Mapa169 X:44 Y:57
24/02/2012 19:39:28 Transportó a Lorwik hacia Mapa169 X:40 Y:55
24/02/2012 19:39:28 Transportó a Lorwik hacia Mapa169 X:36 Y:51
24/02/2012 19:39:29 Transportó a Lorwik hacia Mapa169 X:34 Y:46
24/02/2012 19:39:29 Transportó a Lorwik hacia Mapa169 X:33 Y:41
24/02/2012 19:39:29 Transportó a Lorwik hacia Mapa169 X:33 Y:36
24/02/2012 19:39:29 Transportó a Lorwik hacia Mapa169 X:34 Y:31
24/02/2012 19:39:29 Transportó a Lorwik hacia Mapa169 X:36 Y:26
24/02/2012 19:39:30 Transportó a Lorwik hacia Mapa169 X:33 Y:24
24/02/2012 19:39:30 Transportó a Lorwik hacia Mapa169 X:30 Y:22
24/02/2012 19:39:30 Transportó a Lorwik hacia Mapa169 X:32 Y:19
24/02/2012 19:39:30 Transportó a Lorwik hacia Mapa169 X:37 Y:17
24/02/2012 19:39:30 Transportó a Lorwik hacia Mapa169 X:42 Y:16
24/02/2012 19:39:31 Transportó a Lorwik hacia Mapa169 X:45 Y:16
24/02/2012 19:39:31 Transportó a Lorwik hacia Mapa169 X:45 Y:18
24/02/2012 19:39:33 Transportó a Lorwik hacia Mapa169 X:45 Y:22
24/02/2012 19:39:33 Transportó a Lorwik hacia Mapa169 X:42 Y:23
24/02/2012 19:39:33 Transportó a Lorwik hacia Mapa169 X:39 Y:23
24/02/2012 19:39:33 Transportó a Lorwik hacia Mapa169 X:38 Y:26
24/02/2012 19:39:33 Transportó a Lorwik hacia Mapa169 X:37 Y:30
24/02/2012 19:39:34 Transportó a Lorwik hacia Mapa169 X:36 Y:34
24/02/2012 19:39:34 Transportó a Lorwik hacia Mapa169 X:37 Y:38
24/02/2012 19:39:34 Transportó a Lorwik hacia Mapa169 X:39 Y:42
24/02/2012 19:39:34 Transportó a Lorwik hacia Mapa169 X:42 Y:46
24/02/2012 19:39:34 Transportó a Lorwik hacia Mapa169 X:45 Y:50
24/02/2012 19:39:34 Transportó a Lorwik hacia Mapa169 X:46 Y:54
24/02/2012 19:39:35 Transportó a Lorwik hacia Mapa169 X:42 Y:58
24/02/2012 19:39:35 Transportó a Lorwik hacia Mapa169 X:38 Y:62
24/02/2012 19:39:35 Transportó a Lorwik hacia Mapa169 X:37 Y:66
24/02/2012 19:39:35 Transportó a Lorwik hacia Mapa169 X:41 Y:68
24/02/2012 19:39:35 Transportó a Lorwik hacia Mapa169 X:46 Y:67
24/02/2012 19:39:35 Transportó a Lorwik hacia Mapa169 X:52 Y:64
24/02/2012 19:39:36 Transportó a Lorwik hacia Mapa169 X:57 Y:62
24/02/2012 19:39:36 Transportó a Lorwik hacia Mapa169 X:62 Y:63
24/02/2012 19:39:36 Transportó a Lorwik hacia Mapa169 X:67 Y:64
24/02/2012 19:39:36 Transportó a Lorwik hacia Mapa169 X:71 Y:68
24/02/2012 19:39:36 Transportó a Lorwik hacia Mapa169 X:72 Y:71
24/02/2012 19:39:36 Transportó a Lorwik hacia Mapa169 X:69 Y:74
24/02/2012 19:39:37 Transportó a Lorwik hacia Mapa169 X:65 Y:76
24/02/2012 19:39:37 Transportó a Lorwik hacia Mapa169 X:62 Y:76
24/02/2012 19:39:37 Transportó a Lorwik hacia Mapa169 X:59 Y:75
24/02/2012 19:39:37 Transportó a Lorwik hacia Mapa169 X:55 Y:73
24/02/2012 19:39:37 Transportó a Lorwik hacia Mapa169 X:51 Y:71
24/02/2012 19:39:37 Transportó a Lorwik hacia Mapa169 X:46 Y:69
24/02/2012 19:39:38 Transportó a Lorwik hacia Mapa169 X:48 Y:66
24/02/2012 19:39:38 Transportó a Lorwik hacia Mapa169 X:55 Y:66
24/02/2012 19:39:38 Transportó a Lorwik hacia Mapa169 X:61 Y:67
24/02/2012 19:39:38 Transportó a Lorwik hacia Mapa169 X:68 Y:68
24/02/2012 19:39:38 Transportó a Lorwik hacia Mapa169 X:74 Y:71
24/02/2012 19:39:39 Transportó a Lorwik hacia Mapa169 X:78 Y:75
24/02/2012 19:39:39 Transportó a Lorwik hacia Mapa169 X:76 Y:79
24/02/2012 19:39:39 Transportó a Lorwik hacia Mapa169 X:74 Y:82
24/02/2012 19:39:39 Transportó a Lorwik hacia Mapa169 X:70 Y:85
24/02/2012 19:39:39 Transportó a Lorwik hacia Mapa169 X:67 Y:87
24/02/2012 19:39:39 Transportó a Lorwik hacia Mapa169 X:65 Y:88
24/02/2012 19:39:39 Transportó a Lorwik hacia Mapa169 X:66 Y:87
24/02/2012 19:39:40 Transportó a Lorwik hacia Mapa169 X:68 Y:86
24/02/2012 19:39:40 Transportó a Lorwik hacia Mapa169 X:70 Y:84
24/02/2012 19:39:40 Transportó a Lorwik hacia Mapa169 X:71 Y:82
24/02/2012 19:39:40 Transportó a Lorwik hacia Mapa169 X:72 Y:80
24/02/2012 19:39:41 Transportó a Lorwik hacia Mapa169 X:72 Y:78
24/02/2012 19:39:41 Transportó a Lorwik hacia Mapa169 X:71 Y:75
24/02/2012 19:39:41 Transportó a Lorwik hacia Mapa169 X:70 Y:72
24/02/2012 19:39:41 Transportó a Lorwik hacia Mapa169 X:71 Y:68
24/02/2012 19:39:41 Transportó a Lorwik hacia Mapa169 X:73 Y:63
24/02/2012 19:39:41 Transportó a Lorwik hacia Mapa169 X:75 Y:58
24/02/2012 19:39:42 Transportó a Lorwik hacia Mapa169 X:79 Y:53
24/02/2012 19:39:42 Transportó a Lorwik hacia Mapa169 X:83 Y:51
24/02/2012 19:39:42 Transportó a Lorwik hacia Mapa169 X:86 Y:50
26/02/2012 20:49:38 Se conecto con ip:127.0.0.1
26/02/2012 20:49:43 Transportó a Lorwik hacia Mapa1 X:50 Y:50
26/02/2012 20:49:47 Transportó a Lorwik hacia Mapa1 X:50 Y:53
26/02/2012 20:49:47 Transportó a Lorwik hacia Mapa1 X:44 Y:50
26/02/2012 20:49:48 Transportó a Lorwik hacia Mapa1 X:39 Y:47
26/02/2012 20:49:48 Transportó a Lorwik hacia Mapa1 X:34 Y:44
26/02/2012 20:50:12 Transportó a Lorwik hacia Mapa1 X:81 Y:73
26/02/2012 20:50:23 /MOD EXP 20000000  lorwik
26/02/2012 20:50:31 /MOD EXP 20000000  lorwik
26/02/2012 20:50:32 /MOD EXP 20000000  lorwik
26/02/2012 20:50:34 /MOD EXP 20000000  lorwik
26/02/2012 20:50:39 Transportó a Lorwik hacia Mapa1 X:79 Y:77
26/02/2012 20:52:37 Se conecto con ip:127.0.0.1
26/02/2012 20:52:49 Transportó a Lorwik hacia Mapa75 X:50 Y:50
26/02/2012 20:52:56 Transportó a Lorwik hacia Mapa75 X:27 Y:42
26/02/2012 20:53:08 Transportó a Lorwik hacia Mapa112 X:50 Y:50
26/02/2012 20:53:10 Transportó a Lorwik hacia Mapa112 X:74 Y:36
26/02/2012 20:53:11 Transportó a Lorwik hacia Mapa112 X:61 Y:43
26/02/2012 20:53:58 Se conecto con ip:127.0.0.1
26/02/2012 20:54:56 Se conecto con ip:127.0.0.1
26/02/2012 20:55:10 Se conecto con ip:127.0.0.1
26/02/2012 22:56:52 Se conecto con ip:127.0.0.1
26/02/2012 23:00:48 Se conecto con ip:127.0.0.1
26/02/2012 23:01:02 Se conecto con ip:127.0.0.1
26/02/2012 23:08:14 Se conecto con ip:127.0.0.1
27/02/2012 20:13:40 Se conecto con ip:127.0.0.1
27/02/2012 20:13:47 Transportó a Lorwik hacia Mapa1 X:50 Y:50
27/02/2012 20:13:49 Transportó a Lorwik hacia Mapa1 X:49 Y:55
27/02/2012 20:13:54 Transportó a Lorwik hacia Mapa1 X:45 Y:55
27/02/2012 20:16:27 Se conecto con ip:127.0.0.1
27/02/2012 20:16:51 Se conecto con ip:127.0.0.1
27/02/2012 20:19:15 Se conecto con ip:127.0.0.1
28/02/2012 18:00:09 Se conecto con ip:127.0.0.1
28/02/2012 18:01:10 Se conecto con ip:127.0.0.1
28/02/2012 18:06:47 Se conecto con ip:127.0.0.1
28/02/2012 18:07:33 Se conecto con ip:127.0.0.1
28/02/2012 18:09:38 Se conecto con ip:127.0.0.1
28/02/2012 18:10:34 Se conecto con ip:127.0.0.1
28/02/2012 18:12:40 Se conecto con ip:127.0.0.1
28/02/2012 18:13:05 /MOD EXP 20000000  lorwik
28/02/2012 18:13:08 /MOD EXP 20000000  lorwik
28/02/2012 18:13:11 /MOD EXP 20000000  lorwik
28/02/2012 18:13:12 Transportó a Lorwik hacia Mapa1 X:86 Y:69
28/02/2012 18:13:14 Transportó a Lorwik hacia Mapa1 X:83 Y:71
28/02/2012 18:13:44 Transportó a Lorwik hacia Mapa1 X:22 Y:16
28/02/2012 18:13:46 Transportó a Lorwik hacia Mapa1 X:25 Y:12
28/02/2012 18:14:17 Transportó a Lorwik hacia Mapa8 X:38 Y:59
28/02/2012 18:14:20 Transportó a Lorwik hacia Mapa8 X:42 Y:54
28/02/2012 18:14:20 Transportó a Lorwik hacia Mapa8 X:48 Y:51
28/02/2012 18:14:21 Transportó a Lorwik hacia Mapa8 X:52 Y:51
28/02/2012 18:14:21 Transportó a Lorwik hacia Mapa8 X:55 Y:53
28/02/2012 18:14:22 Transportó a Lorwik hacia Mapa8 X:58 Y:56
28/02/2012 18:14:31 Transportó a Lorwik hacia Mapa8 X:61 Y:59
28/02/2012 18:14:31 Transportó a Lorwik hacia Mapa8 X:62 Y:62
28/02/2012 18:14:32 Transportó a Lorwik hacia Mapa8 X:63 Y:65
28/02/2012 18:14:32 Transportó a Lorwik hacia Mapa8 X:64 Y:68
28/02/2012 18:14:32 Transportó a Lorwik hacia Mapa8 X:65 Y:71
28/02/2012 18:14:33 Transportó a Lorwik hacia Mapa8 X:66 Y:74
28/02/2012 18:14:33 Transportó a Lorwik hacia Mapa8 X:64 Y:77
28/02/2012 18:14:33 Transportó a Lorwik hacia Mapa8 X:61 Y:81
28/02/2012 18:14:33 Transportó a Lorwik hacia Mapa8 X:57 Y:84
28/02/2012 18:14:34 Transportó a Lorwik hacia Mapa8 X:53 Y:86
28/02/2012 18:14:34 Transportó a Lorwik hacia Mapa8 X:48 Y:89
28/02/2012 18:14:34 Transportó a Lorwik hacia Mapa8 X:43 Y:92
28/02/2012 18:14:35 Transportó a Lorwik hacia Mapa8 X:48 Y:91
28/02/2012 18:14:35 Transportó a Lorwik hacia Mapa8 X:55 Y:88
28/02/2012 18:14:36 Transportó a Lorwik hacia Mapa8 X:62 Y:84
28/02/2012 18:14:36 Transportó a Lorwik hacia Mapa8 X:67 Y:79
28/02/2012 18:14:36 Transportó a Lorwik hacia Mapa8 X:66 Y:76
28/02/2012 18:14:37 Transportó a Lorwik hacia Mapa8 X:62 Y:78
28/02/2012 18:14:41 Transportó a Lorwik hacia Mapa8 X:64 Y:74
28/02/2012 18:14:41 Transportó a Lorwik hacia Mapa8 X:66 Y:70
28/02/2012 18:14:50 /CI: 1060
28/02/2012 18:14:53 Transportó a Lorwik hacia Mapa8 X:66 Y:69
28/02/2012 18:14:54 Agarro:100 Objeto:Cuerpo sexy azul
28/02/2012 18:15:01 Transportó a Lorwik hacia Mapa8 X:45 Y:18
28/02/2012 18:15:02 Transportó a Lorwik hacia Mapa14 X:40 Y:84
28/02/2012 18:15:04 Transportó a Lorwik hacia Mapa14 X:33 Y:83
28/02/2012 18:15:07 Transportó a Lorwik hacia Mapa14 X:34 Y:83
28/02/2012 18:15:33 Transportó a Lorwik hacia Mapa14 X:26 Y:81
28/02/2012 18:15:38 Transportó a Lorwik hacia Mapa14 X:23 Y:85
28/02/2012 18:15:38 Transportó a Lorwik hacia Mapa14 X:18 Y:88
28/02/2012 18:15:39 Transportó a Lorwik hacia Mapa14 X:20 Y:88
28/02/2012 18:15:39 Transportó a Lorwik hacia Mapa14 X:25 Y:87
28/02/2012 18:15:39 Transportó a Lorwik hacia Mapa14 X:30 Y:86
28/02/2012 18:15:39 Transportó a Lorwik hacia Mapa14 X:36 Y:86
28/02/2012 18:15:40 Transportó a Lorwik hacia Mapa14 X:41 Y:82
28/02/2012 18:15:40 Transportó a Lorwik hacia Mapa14 X:47 Y:74
28/02/2012 18:15:42 Transportó a Lorwik hacia Mapa14 X:44 Y:57
28/02/2012 18:15:42 Transportó a Lorwik hacia Mapa14 X:43 Y:52
28/02/2012 18:15:42 Transportó a Lorwik hacia Mapa14 X:44 Y:48
28/02/2012 18:15:42 Transportó a Lorwik hacia Mapa14 X:45 Y:44
28/02/2012 18:15:43 Transportó a Lorwik hacia Mapa14 X:44 Y:40
28/02/2012 18:15:43 Transportó a Lorwik hacia Mapa14 X:43 Y:35
28/02/2012 18:15:43 Transportó a Lorwik hacia Mapa14 X:43 Y:30
28/02/2012 18:15:43 Transportó a Lorwik hacia Mapa14 X:45 Y:26
28/02/2012 18:15:44 Transportó a Lorwik hacia Mapa14 X:42 Y:22
28/02/2012 18:15:44 Transportó a Lorwik hacia Mapa14 X:37 Y:18
28/02/2012 18:15:46 Transportó a Lorwik hacia Mapa7 X:42 Y:69
28/02/2012 18:17:03 Se conecto con ip:127.0.0.1
28/02/2012 18:17:21 Transportó a Lorwik hacia Mapa7 X:49 Y:68
28/02/2012 18:17:40 Transportó a Lorwik hacia Mapa7 X:46 Y:67
28/02/2012 18:17:41 Transportó a Lorwik hacia Mapa7 X:46 Y:67
28/02/2012 18:17:41 Transportó a Lorwik hacia Mapa7 X:45 Y:67
28/02/2012 18:18:10 Se conecto con ip:127.0.0.1
28/02/2012 18:18:19 /CI: 859
28/02/2012 18:18:20 Agarro:100 Objeto:Arco Simple (Newbie)
28/02/2012 18:18:29 /CI: 553
28/02/2012 18:18:30 Agarro:100 Objeto:Flecha +3
28/02/2012 18:18:39 /MOD LEVEL 12  lorwik
28/02/2012 18:19:29 Se conecto con ip:127.0.0.1
28/02/2012 18:20:02 Se conecto con ip:127.0.0.1
28/02/2012 18:21:05 Se conecto con ip:127.0.0.1
28/02/2012 19:49:29 Se conecto con ip:127.0.0.1
28/02/2012 19:49:39 Transportó a Lorwik hacia Mapa1 X:50 Y:50
28/02/2012 19:49:40 Transportó a Lorwik hacia Mapa1 X:21 Y:19
28/02/2012 19:49:57 /MOD LEVEL 1  lorwik
28/02/2012 19:50:19 /MOD LEVEL 50  lorwik
28/02/2012 19:50:33 /MOD LEVEL 1  lorwik
28/02/2012 19:51:58 Se conecto con ip:127.0.0.1
28/02/2012 19:52:16 /MOD LEVEL 50  lorwik
28/02/2012 19:53:46 Se conecto con ip:127.0.0.1
28/02/2012 19:53:53 /MOD LEVEL 1  lorwik
28/02/2012 20:10:22 Se conecto con ip:127.0.0.1
28/02/2012 20:10:30 Transportó a Lorwik hacia Mapa1 X:26 Y:18
28/02/2012 20:10:33 Transportó a Lorwik hacia Mapa8 X:34 Y:66
28/02/2012 20:10:41 Transportó a Lorwik hacia Mapa8 X:24 Y:59
28/02/2012 20:10:48 Transportó a Lorwik hacia Mapa8 X:20 Y:42
28/02/2012 20:10:48 Transportó a Lorwik hacia Mapa8 X:25 Y:37
28/02/2012 20:10:48 Transportó a Lorwik hacia Mapa8 X:30 Y:32
28/02/2012 20:10:48 Transportó a Lorwik hacia Mapa8 X:35 Y:26
28/02/2012 20:10:49 Transportó a Lorwik hacia Mapa8 X:38 Y:20
28/02/2012 20:10:50 Transportó a Lorwik hacia Mapa8 X:37 Y:10
02/03/2012 19:46:35 Se conecto con ip:127.0.0.1
02/03/2012 19:47:37 Se conecto con ip:127.0.0.1
02/03/2012 19:47:46 /MOD EXP 100000  lorwik
02/03/2012 19:47:53 /MOD EXP 20000000  lorwik
02/03/2012 19:47:55 /MOD EXP 20000000  lorwik
02/03/2012 19:47:57 /MOD EXP 20000000  lorwik
02/03/2012 19:47:58 /MOD EXP 20000000  lorwik
02/03/2012 19:47:59 /MOD EXP 20000000  lorwik
02/03/2012 19:48:00 /MOD EXP 20000000  lorwik
02/03/2012 19:48:12 /CI: 1182
02/03/2012 19:48:13 Agarro:100 Objeto:Vara de Mago Arcano 
02/03/2012 19:48:15 Transportó a Lorwik hacia Mapa1 X:26 Y:10
02/03/2012 19:48:23 /CI: 1160
02/03/2012 19:48:23 Agarro:100 Objeto:Tunica de Akatsuki
02/03/2012 19:48:33 /CI: 1195
02/03/2012 19:48:34 Agarro:100 Objeto:Juicio Final (MAGOS)
02/03/2012 19:49:05 Transportó a Lorwik hacia Mapa163 X:50 Y:50
02/03/2012 19:49:07 Transportó a Lorwik hacia Mapa163 X:18 Y:32
03/03/2012 22:31:03 Se conecto con ip:127.0.0.1
19/03/2012 20:42:26 Se conecto con ip:127.0.0.1
19/03/2012 20:42:34 Se conecto con ip:127.0.0.1
19/03/2012 20:42:41 Se conecto con ip:127.0.0.1
19/03/2012 20:44:04 Se conecto con ip:127.0.0.1
19/03/2012 20:44:21 Transportó a Lorwik hacia Mapa1 X:50 Y:50
19/03/2012 20:44:42 /CI: 1199
19/03/2012 20:44:44 Agarro:100 Objeto:Transformar en Araña
19/03/2012 20:48:39 Se conecto con ip:127.0.0.1
19/03/2012 20:48:47 Transportó a Lorwik hacia Mapa1 X:35 Y:52
19/03/2012 20:48:47 Transportó a Lorwik hacia Mapa1 X:29 Y:57
19/03/2012 20:48:47 Transportó a Lorwik hacia Mapa1 X:24 Y:62
19/03/2012 20:48:47 Transportó a Lorwik hacia Mapa1 X:21 Y:67
19/03/2012 20:48:48 Transportó a Lorwik hacia Mapa1 X:25 Y:69
19/03/2012 20:48:49 Transportó a Lorwik hacia Mapa1 X:31 Y:74
19/03/2012 20:48:53 Transportó a Lorwik hacia Mapa1 X:34 Y:75
19/03/2012 20:49:07 Transportó a Lorwik hacia Mapa1 X:30 Y:70
19/03/2012 20:49:25 Transportó a Lorwik hacia Mapa1 X:68 Y:44
19/03/2012 20:52:14 Se conecto con ip:127.0.0.1
19/03/2012 20:53:19 Transportó a Lorwik hacia Mapa112 X:64 Y:22
19/03/2012 20:53:27 /MOD ORO 9999999  lorwik
19/03/2012 20:53:33 /MOD ORO 99999999  lorwik
19/03/2012 20:53:38 /MOD ORO 9999999  lorwik
19/03/2012 20:53:44 /MOD ORO 999999  lorwik
19/03/2012 20:56:42 Se conecto con ip:127.0.0.1
19/03/2012 20:59:54 Se conecto con ip:127.0.0.1
19/03/2012 21:05:26 Se conecto con ip:127.0.0.1
19/03/2012 21:05:33 Se conecto con ip:127.0.0.1
19/03/2012 21:08:36 Se conecto con ip:127.0.0.1
19/03/2012 21:08:46 /MOD CLASE druida  lorwik
19/03/2012 21:09:00 Transportó a Lorwik hacia Mapa112 X:13 Y:48
19/03/2012 21:09:49 Transportó a Lorwik hacia Mapa33 X:50 Y:50
19/03/2012 21:09:51 Transportó a Lorwik hacia Mapa33 X:45 Y:46
19/03/2012 21:23:09 Se conecto con ip:127.0.0.1
19/03/2012 21:23:26 /CI: 26
19/03/2012 21:23:30 Agarro:100 Objeto:Pollo
19/03/2012 21:23:32 /CI: 161
19/03/2012 21:23:33 Agarro:100 Objeto:Jugo de Frutas
20/03/2012 12:19:00 Se conecto con ip:127.0.0.1
20/03/2012 12:19:59 Se conecto con ip:127.0.0.1
20/03/2012 12:21:06 Se conecto con ip:127.0.0.1
20/03/2012 12:38:59 Se conecto con ip:127.0.0.1
20/03/2012 12:39:08 Transportó a Lorwik hacia Mapa1 X:50 Y:50
20/03/2012 12:39:15 Transportó a Lorwik hacia Mapa1 X:32 Y:42
20/03/2012 12:39:48 Se conecto con ip:127.0.0.1
20/03/2012 12:41:03 /MOD LEVEL 5  lorwik
20/03/2012 12:42:38 Se conecto con ip:127.0.0.1
20/03/2012 12:42:48 Transportó a Lorwik hacia Mapa1 X:32 Y:43
20/03/2012 12:42:56 Transportó a Lorwik hacia Mapa1 X:28 Y:39
20/03/2012 12:43:07 /CI: 1201
20/03/2012 12:43:08 Agarro:100 Objeto:Metamorfosis: Lobo
22/03/2012 15:59:55 Se conecto con ip:127.0.0.1
22/03/2012 15:59:57 Transportó a Lorwik hacia Mapa1 X:36 Y:29
22/03/2012 16:03:58 Se conecto con ip:127.0.0.1
22/03/2012 16:04:45 Se conecto con ip:127.0.0.1
