Línea 21: la clase WorldEditor.lvButtons_H del control SelectPanel no era una clase de control cargada.
Línea 148: la clase WorldEditor.lvButtons_H del control SelectPanel no era una clase de control cargada.
Línea 180: la clase WorldEditor.lvButtons_H del control SelectPanel no era una clase de control cargada.
Línea 212: la clase WorldEditor.lvButtons_H del control SelectPanel no era una clase de control cargada.
Línea 244: la clase WorldEditor.lvButtons_H del control SelectPanel no era una clase de control cargada.
Línea 276: la clase WorldEditor.lvButtons_H del control SelectPanel no era una clase de control cargada.
Línea 307: la clase WorldEditor.lvButtons_H del control SelectPanel no era una clase de control cargada.
Línea 339: la clase WorldEditor.lvButtons_H del control cmdQuitarFunciones no era una clase de control cargada.
Línea 470: la clase WorldEditor.lvButtons_H del control cInsertarTrans no era una clase de control cargada.
Línea 496: la clase WorldEditor.lvButtons_H del control cInsertarTransOBJ no era una clase de control cargada.
Línea 522: la clase WorldEditor.lvButtons_H del control cUnionManual no era una clase de control cargada.
Línea 548: la clase WorldEditor.lvButtons_H del control cUnionAuto no era una clase de control cargada.
Línea 574: la clase WorldEditor.lvButtons_H del control cQuitarTrans no era una clase de control cargada.
Línea 689: la clase WorldEditor.lvButtons_H del control cQuitarEnTodasLasCapas no era una clase de control cargada.
Línea 715: la clase WorldEditor.lvButtons_H del control cQuitarEnEstaCapa no era una clase de control cargada.
Línea 741: la clase WorldEditor.lvButtons_H del control cSeleccionarSuperficie no era una clase de control cargada.
Línea 1026: la clase WorldEditor.lvButtons_H del control cQuitarTrigger no era una clase de control cargada.
Línea 1052: la clase WorldEditor.lvButtons_H del control cVerTriggers no era una clase de control cargada.
Línea 1078: la clase WorldEditor.lvButtons_H del control cInsertarTrigger no era una clase de control cargada.
Línea 1104: la clase WorldEditor.lvButtons_H del control cAgregarFuncalAzar no era una clase de control cargada.
Línea 1131: la clase WorldEditor.lvButtons_H del control cQuitarFunc no era una clase de control cargada.
Línea 1158: la clase WorldEditor.lvButtons_H del control cInsertarFunc no era una clase de control cargada.
Línea 1185: la clase WorldEditor.lvButtons_H del control cVerBloqueos no era una clase de control cargada.
Línea 1211: la clase WorldEditor.lvButtons_H del control cInsertarBloqueo no era una clase de control cargada.
Línea 1237: la clase WorldEditor.lvButtons_H del control cQuitarBloqueo no era una clase de control cargada.
Línea 1263: la clase WorldEditor.lvButtons_H del control cAgregarFuncalAzar no era una clase de control cargada.
Línea 1290: la clase WorldEditor.lvButtons_H del control cQuitarFunc no era una clase de control cargada.
Línea 1317: la clase WorldEditor.lvButtons_H del control cInsertarFunc no era una clase de control cargada.
Línea 1344: la clase WorldEditor.lvButtons_H del control cInsertarFunc no era una clase de control cargada.
Línea 1371: la clase WorldEditor.lvButtons_H del control cQuitarFunc no era una clase de control cargada.
Línea 1398: la clase WorldEditor.lvButtons_H del control cAgregarFuncalAzar no era una clase de control cargada.
Línea 1872: la clase MSComDlg.CommonDialog del control Dialog no era una clase de control cargada.
Línea 1888: la clase WorldEditor.lvButtons_H del control cmdInformacionDelMapa no era una clase de control cargada.
Línea 2038: la clase WorldEditor.lvButtons_H del control SelectPanel no era una clase de control cargada.
Línea 28: el nombre de la propiedad _ExtentX de SelectPanel no es válido.
Línea 29: el nombre de la propiedad _ExtentY de SelectPanel no es válido.
Línea 30: el nombre de la propiedad Caption de SelectPanel no es válido.
Línea 31: el nombre de la propiedad CapAlign de SelectPanel no es válido.
Línea 32: el nombre de la propiedad BackStyle de SelectPanel no es válido.
Línea 33: el nombre de la propiedad Shape de SelectPanel no es válido.
Línea 43: el nombre de la propiedad LockHover de SelectPanel no es válido.
Línea 44: el nombre de la propiedad cGradient de SelectPanel no es válido.
Línea 45: el nombre de la propiedad Mode de SelectPanel no es válido.
Línea 46: el nombre de la propiedad Value de SelectPanel no es válido.
Línea 47: el nombre de la propiedad CustomClick de SelectPanel no es válido.
Línea 48: el nombre de la propiedad ImgAlign de SelectPanel no es válido.
Línea 49: el nombre de la propiedad Image de SelectPanel no es válido.
Línea 50: el nombre de la propiedad ImgSize de SelectPanel no es válido.
Línea 51: el nombre de la propiedad cBack de SelectPanel no es válido.
Línea 155: el nombre de la propiedad _ExtentX de SelectPanel no es válido.
Línea 156: el nombre de la propiedad _ExtentY de SelectPanel no es válido.
Línea 157: el nombre de la propiedad Caption de SelectPanel no es válido.
Línea 158: el nombre de la propiedad CapAlign de SelectPanel no es válido.
Línea 159: el nombre de la propiedad BackStyle de SelectPanel no es válido.
Línea 160: el nombre de la propiedad Shape de SelectPanel no es válido.
Línea 170: el nombre de la propiedad LockHover de SelectPanel no es válido.
Línea 171: el nombre de la propiedad cGradient de SelectPanel no es válido.
Línea 172: el nombre de la propiedad Mode de SelectPanel no es válido.
Línea 173: el nombre de la propiedad Value de SelectPanel no es válido.
Línea 174: el nombre de la propiedad CustomClick de SelectPanel no es válido.
Línea 175: el nombre de la propiedad ImgAlign de SelectPanel no es válido.
Línea 176: el nombre de la propiedad Image de SelectPanel no es válido.
Línea 177: el nombre de la propiedad ImgSize de SelectPanel no es válido.
Línea 178: el nombre de la propiedad cBack de SelectPanel no es válido.
Línea 187: el nombre de la propiedad _ExtentX de SelectPanel no es válido.
Línea 188: el nombre de la propiedad _ExtentY de SelectPanel no es válido.
Línea 189: el nombre de la propiedad Caption de SelectPanel no es válido.
Línea 190: el nombre de la propiedad CapAlign de SelectPanel no es válido.
Línea 191: el nombre de la propiedad BackStyle de SelectPanel no es válido.
Línea 192: el nombre de la propiedad Shape de SelectPanel no es válido.
Línea 202: el nombre de la propiedad LockHover de SelectPanel no es válido.
Línea 203: el nombre de la propiedad cGradient de SelectPanel no es válido.
Línea 204: el nombre de la propiedad Mode de SelectPanel no es válido.
Línea 205: el nombre de la propiedad Value de SelectPanel no es válido.
Línea 206: el nombre de la propiedad CustomClick de SelectPanel no es válido.
Línea 207: el nombre de la propiedad ImgAlign de SelectPanel no es válido.
Línea 208: el nombre de la propiedad Image de SelectPanel no es válido.
Línea 209: el nombre de la propiedad ImgSize de SelectPanel no es válido.
Línea 210: el nombre de la propiedad cBack de SelectPanel no es válido.
Línea 219: el nombre de la propiedad _ExtentX de SelectPanel no es válido.
Línea 220: el nombre de la propiedad _ExtentY de SelectPanel no es válido.
Línea 221: el nombre de la propiedad Caption de SelectPanel no es válido.
Línea 222: el nombre de la propiedad CapAlign de SelectPanel no es válido.
Línea 223: el nombre de la propiedad BackStyle de SelectPanel no es válido.
Línea 224: el nombre de la propiedad Shape de SelectPanel no es válido.
Línea 234: el nombre de la propiedad LockHover de SelectPanel no es válido.
Línea 235: el nombre de la propiedad cGradient de SelectPanel no es válido.
Línea 236: el nombre de la propiedad Mode de SelectPanel no es válido.
Línea 237: el nombre de la propiedad Value de SelectPanel no es válido.
Línea 238: el nombre de la propiedad CustomClick de SelectPanel no es válido.
Línea 239: el nombre de la propiedad ImgAlign de SelectPanel no es válido.
Línea 240: el nombre de la propiedad Image de SelectPanel no es válido.
Línea 241: el nombre de la propiedad ImgSize de SelectPanel no es válido.
Línea 242: el nombre de la propiedad cBack de SelectPanel no es válido.
Línea 251: el nombre de la propiedad _ExtentX de SelectPanel no es válido.
Línea 252: el nombre de la propiedad _ExtentY de SelectPanel no es válido.
Línea 253: el nombre de la propiedad Caption de SelectPanel no es válido.
Línea 254: el nombre de la propiedad CapAlign de SelectPanel no es válido.
Línea 255: el nombre de la propiedad BackStyle de SelectPanel no es válido.
Línea 256: el nombre de la propiedad Shape de SelectPanel no es válido.
Línea 266: el nombre de la propiedad LockHover de SelectPanel no es válido.
Línea 267: el nombre de la propiedad cGradient de SelectPanel no es válido.
Línea 268: el nombre de la propiedad Mode de SelectPanel no es válido.
Línea 269: el nombre de la propiedad Value de SelectPanel no es válido.
Línea 270: el nombre de la propiedad CustomClick de SelectPanel no es válido.
Línea 271: el nombre de la propiedad ImgAlign de SelectPanel no es válido.
Línea 272: el nombre de la propiedad Image de SelectPanel no es válido.
Línea 273: el nombre de la propiedad ImgSize de SelectPanel no es válido.
Línea 274: el nombre de la propiedad cBack de SelectPanel no es válido.
Línea 283: el nombre de la propiedad _ExtentX de SelectPanel no es válido.
Línea 284: el nombre de la propiedad _ExtentY de SelectPanel no es válido.
Línea 285: el nombre de la propiedad Caption de SelectPanel no es válido.
Línea 286: el nombre de la propiedad CapAlign de SelectPanel no es válido.
Línea 287: el nombre de la propiedad BackStyle de SelectPanel no es válido.
Línea 288: el nombre de la propiedad Shape de SelectPanel no es válido.
Línea 298: el nombre de la propiedad LockHover de SelectPanel no es válido.
Línea 299: el nombre de la propiedad cGradient de SelectPanel no es válido.
Línea 300: el nombre de la propiedad Mode de SelectPanel no es válido.
Línea 301: el nombre de la propiedad Value de SelectPanel no es válido.
Línea 302: el nombre de la propiedad ImgAlign de SelectPanel no es válido.
Línea 303: el nombre de la propiedad Image de SelectPanel no es válido.
Línea 304: el nombre de la propiedad ImgSize de SelectPanel no es válido.
Línea 305: el nombre de la propiedad cBack de SelectPanel no es válido.
Línea 314: el nombre de la propiedad _ExtentX de SelectPanel no es válido.
Línea 315: el nombre de la propiedad _ExtentY de SelectPanel no es válido.
Línea 316: el nombre de la propiedad Caption de SelectPanel no es válido.
Línea 317: el nombre de la propiedad CapAlign de SelectPanel no es válido.
Línea 318: el nombre de la propiedad BackStyle de SelectPanel no es válido.
Línea 319: el nombre de la propiedad Shape de SelectPanel no es válido.
Línea 329: el nombre de la propiedad cFore de SelectPanel no es válido.
Línea 330: el nombre de la propiedad cFHover de SelectPanel no es válido.
Línea 331: el nombre de la propiedad cGradient de SelectPanel no es válido.
Línea 332: el nombre de la propiedad Mode de SelectPanel no es válido.
Línea 333: el nombre de la propiedad Value de SelectPanel no es válido.
Línea 334: el nombre de la propiedad ImgAlign de SelectPanel no es válido.
Línea 335: el nombre de la propiedad Image de SelectPanel no es válido.
Línea 336: el nombre de la propiedad ImgSize de SelectPanel no es válido.
Línea 337: el nombre de la propiedad cBack de SelectPanel no es válido.
Línea 346: el nombre de la propiedad _ExtentX de cmdQuitarFunciones no es válido.
Línea 347: el nombre de la propiedad _ExtentY de cmdQuitarFunciones no es válido.
Línea 348: el nombre de la propiedad Caption de cmdQuitarFunciones no es válido.
Línea 349: el nombre de la propiedad CapAlign de cmdQuitarFunciones no es válido.
Línea 350: el nombre de la propiedad BackStyle de cmdQuitarFunciones no es válido.
Línea 360: el nombre de la propiedad cGradient de cmdQuitarFunciones no es válido.
Línea 361: el nombre de la propiedad Mode de cmdQuitarFunciones no es válido.
Línea 362: el nombre de la propiedad Value de cmdQuitarFunciones no es válido.
Línea 363: el nombre de la propiedad cBack de cmdQuitarFunciones no es válido.
Línea 477: el nombre de la propiedad _ExtentX de cInsertarTrans no es válido.
Línea 478: el nombre de la propiedad _ExtentY de cInsertarTrans no es válido.
Línea 479: el nombre de la propiedad Caption de cInsertarTrans no es válido.
Línea 480: el nombre de la propiedad CapAlign de cInsertarTrans no es válido.
Línea 481: el nombre de la propiedad BackStyle de cInsertarTrans no es válido.
Línea 491: el nombre de la propiedad cGradient de cInsertarTrans no es válido.
Línea 492: el nombre de la propiedad Mode de cInsertarTrans no es válido.
Línea 493: el nombre de la propiedad Value de cInsertarTrans no es válido.
Línea 494: el nombre de la propiedad cBack de cInsertarTrans no es válido.
Línea 503: el nombre de la propiedad _ExtentX de cInsertarTransOBJ no es válido.
Línea 504: el nombre de la propiedad _ExtentY de cInsertarTransOBJ no es válido.
Línea 505: el nombre de la propiedad Caption de cInsertarTransOBJ no es válido.
Línea 506: el nombre de la propiedad CapAlign de cInsertarTransOBJ no es válido.
Línea 507: el nombre de la propiedad BackStyle de cInsertarTransOBJ no es válido.
Línea 517: el nombre de la propiedad cGradient de cInsertarTransOBJ no es válido.
Línea 518: el nombre de la propiedad Mode de cInsertarTransOBJ no es válido.
Línea 519: el nombre de la propiedad Value de cInsertarTransOBJ no es válido.
Línea 520: el nombre de la propiedad cBack de cInsertarTransOBJ no es válido.
Línea 529: el nombre de la propiedad _ExtentX de cUnionManual no es válido.
Línea 530: el nombre de la propiedad _ExtentY de cUnionManual no es válido.
Línea 531: el nombre de la propiedad Caption de cUnionManual no es válido.
Línea 532: el nombre de la propiedad CapAlign de cUnionManual no es válido.
Línea 533: el nombre de la propiedad BackStyle de cUnionManual no es válido.
Línea 543: el nombre de la propiedad cGradient de cUnionManual no es válido.
Línea 544: el nombre de la propiedad Mode de cUnionManual no es válido.
Línea 545: el nombre de la propiedad Value de cUnionManual no es válido.
Línea 546: el nombre de la propiedad cBack de cUnionManual no es válido.
Línea 555: el nombre de la propiedad _ExtentX de cUnionAuto no es válido.
Línea 556: el nombre de la propiedad _ExtentY de cUnionAuto no es válido.
Línea 557: el nombre de la propiedad Caption de cUnionAuto no es válido.
Línea 558: el nombre de la propiedad CapAlign de cUnionAuto no es válido.
Línea 559: el nombre de la propiedad BackStyle de cUnionAuto no es válido.
Línea 569: el nombre de la propiedad cGradient de cUnionAuto no es válido.
Línea 570: el nombre de la propiedad Mode de cUnionAuto no es válido.
Línea 571: el nombre de la propiedad Value de cUnionAuto no es válido.
Línea 572: el nombre de la propiedad cBack de cUnionAuto no es válido.
Línea 581: el nombre de la propiedad _ExtentX de cQuitarTrans no es válido.
Línea 582: el nombre de la propiedad _ExtentY de cQuitarTrans no es válido.
Línea 583: el nombre de la propiedad Caption de cQuitarTrans no es válido.
Línea 584: el nombre de la propiedad CapAlign de cQuitarTrans no es válido.
Línea 585: el nombre de la propiedad BackStyle de cQuitarTrans no es válido.
Línea 595: el nombre de la propiedad cGradient de cQuitarTrans no es válido.
Línea 596: el nombre de la propiedad Mode de cQuitarTrans no es válido.
Línea 597: el nombre de la propiedad Value de cQuitarTrans no es válido.
Línea 598: el nombre de la propiedad cBack de cQuitarTrans no es válido.
Línea 696: el nombre de la propiedad _ExtentX de cQuitarEnTodasLasCapas no es válido.
Línea 697: el nombre de la propiedad _ExtentY de cQuitarEnTodasLasCapas no es válido.
Línea 698: el nombre de la propiedad Caption de cQuitarEnTodasLasCapas no es válido.
Línea 699: el nombre de la propiedad CapAlign de cQuitarEnTodasLasCapas no es válido.
Línea 700: el nombre de la propiedad BackStyle de cQuitarEnTodasLasCapas no es válido.
Línea 710: el nombre de la propiedad cGradient de cQuitarEnTodasLasCapas no es válido.
Línea 711: el nombre de la propiedad Mode de cQuitarEnTodasLasCapas no es válido.
Línea 712: el nombre de la propiedad Value de cQuitarEnTodasLasCapas no es válido.
Línea 713: el nombre de la propiedad cBack de cQuitarEnTodasLasCapas no es válido.
Línea 722: el nombre de la propiedad _ExtentX de cQuitarEnEstaCapa no es válido.
Línea 723: el nombre de la propiedad _ExtentY de cQuitarEnEstaCapa no es válido.
Línea 724: el nombre de la propiedad Caption de cQuitarEnEstaCapa no es válido.
Línea 725: el nombre de la propiedad CapAlign de cQuitarEnEstaCapa no es válido.
Línea 726: el nombre de la propiedad BackStyle de cQuitarEnEstaCapa no es válido.
Línea 736: el nombre de la propiedad cGradient de cQuitarEnEstaCapa no es válido.
Línea 737: el nombre de la propiedad Mode de cQuitarEnEstaCapa no es válido.
Línea 738: el nombre de la propiedad Value de cQuitarEnEstaCapa no es válido.
Línea 739: el nombre de la propiedad cBack de cQuitarEnEstaCapa no es válido.
Línea 748: el nombre de la propiedad _ExtentX de cSeleccionarSuperficie no es válido.
Línea 749: el nombre de la propiedad _ExtentY de cSeleccionarSuperficie no es válido.
Línea 750: el nombre de la propiedad Caption de cSeleccionarSuperficie no es válido.
Línea 751: el nombre de la propiedad CapAlign de cSeleccionarSuperficie no es válido.
Línea 752: el nombre de la propiedad BackStyle de cSeleccionarSuperficie no es válido.
Línea 762: el nombre de la propiedad cGradient de cSeleccionarSuperficie no es válido.
Línea 763: el nombre de la propiedad Mode de cSeleccionarSuperficie no es válido.
Línea 764: el nombre de la propiedad Value de cSeleccionarSuperficie no es válido.
Línea 765: el nombre de la propiedad cBack de cSeleccionarSuperficie no es válido.
Línea 1033: el nombre de la propiedad _ExtentX de cQuitarTrigger no es válido.
Línea 1034: el nombre de la propiedad _ExtentY de cQuitarTrigger no es válido.
Línea 1035: el nombre de la propiedad Caption de cQuitarTrigger no es válido.
Línea 1036: el nombre de la propiedad CapAlign de cQuitarTrigger no es válido.
Línea 1037: el nombre de la propiedad BackStyle de cQuitarTrigger no es válido.
Línea 1047: el nombre de la propiedad cGradient de cQuitarTrigger no es válido.
Línea 1048: el nombre de la propiedad Mode de cQuitarTrigger no es válido.
Línea 1049: el nombre de la propiedad Value de cQuitarTrigger no es válido.
Línea 1050: el nombre de la propiedad cBack de cQuitarTrigger no es válido.
Línea 1059: el nombre de la propiedad _ExtentX de cVerTriggers no es válido.
Línea 1060: el nombre de la propiedad _ExtentY de cVerTriggers no es válido.
Línea 1061: el nombre de la propiedad Caption de cVerTriggers no es válido.
Línea 1062: el nombre de la propiedad CapAlign de cVerTriggers no es válido.
Línea 1063: el nombre de la propiedad BackStyle de cVerTriggers no es válido.
Línea 1073: el nombre de la propiedad cGradient de cVerTriggers no es válido.
Línea 1074: el nombre de la propiedad Mode de cVerTriggers no es válido.
Línea 1075: el nombre de la propiedad Value de cVerTriggers no es válido.
Línea 1076: el nombre de la propiedad cBack de cVerTriggers no es válido.
Línea 1085: el nombre de la propiedad _ExtentX de cInsertarTrigger no es válido.
Línea 1086: el nombre de la propiedad _ExtentY de cInsertarTrigger no es válido.
Línea 1087: el nombre de la propiedad Caption de cInsertarTrigger no es válido.
Línea 1088: el nombre de la propiedad CapAlign de cInsertarTrigger no es válido.
Línea 1089: el nombre de la propiedad BackStyle de cInsertarTrigger no es válido.
Línea 1099: el nombre de la propiedad cGradient de cInsertarTrigger no es válido.
Línea 1100: el nombre de la propiedad Mode de cInsertarTrigger no es válido.
Línea 1101: el nombre de la propiedad Value de cInsertarTrigger no es válido.
Línea 1102: el nombre de la propiedad cBack de cInsertarTrigger no es válido.
Línea 1112: el nombre de la propiedad _ExtentX de cAgregarFuncalAzar no es válido.
Línea 1113: el nombre de la propiedad _ExtentY de cAgregarFuncalAzar no es válido.
Línea 1114: el nombre de la propiedad Caption de cAgregarFuncalAzar no es válido.
Línea 1115: el nombre de la propiedad CapAlign de cAgregarFuncalAzar no es válido.
Línea 1116: el nombre de la propiedad BackStyle de cAgregarFuncalAzar no es válido.
Línea 1126: el nombre de la propiedad cGradient de cAgregarFuncalAzar no es válido.
Línea 1127: el nombre de la propiedad Mode de cAgregarFuncalAzar no es válido.
Línea 1128: el nombre de la propiedad Value de cAgregarFuncalAzar no es válido.
Línea 1129: el nombre de la propiedad cBack de cAgregarFuncalAzar no es válido.
Línea 1139: el nombre de la propiedad _ExtentX de cQuitarFunc no es válido.
Línea 1140: el nombre de la propiedad _ExtentY de cQuitarFunc no es válido.
Línea 1141: el nombre de la propiedad Caption de cQuitarFunc no es válido.
Línea 1142: el nombre de la propiedad CapAlign de cQuitarFunc no es válido.
Línea 1143: el nombre de la propiedad BackStyle de cQuitarFunc no es válido.
Línea 1153: el nombre de la propiedad cGradient de cQuitarFunc no es válido.
Línea 1154: el nombre de la propiedad Mode de cQuitarFunc no es válido.
Línea 1155: el nombre de la propiedad Value de cQuitarFunc no es válido.
Línea 1156: el nombre de la propiedad cBack de cQuitarFunc no es válido.
Línea 1166: el nombre de la propiedad _ExtentX de cInsertarFunc no es válido.
Línea 1167: el nombre de la propiedad _ExtentY de cInsertarFunc no es válido.
Línea 1168: el nombre de la propiedad Caption de cInsertarFunc no es válido.
Línea 1169: el nombre de la propiedad CapAlign de cInsertarFunc no es válido.
Línea 1170: el nombre de la propiedad BackStyle de cInsertarFunc no es válido.
Línea 1180: el nombre de la propiedad cGradient de cInsertarFunc no es válido.
Línea 1181: el nombre de la propiedad Mode de cInsertarFunc no es válido.
Línea 1182: el nombre de la propiedad Value de cInsertarFunc no es válido.
Línea 1183: el nombre de la propiedad cBack de cInsertarFunc no es válido.
Línea 1192: el nombre de la propiedad _ExtentX de cVerBloqueos no es válido.
Línea 1193: el nombre de la propiedad _ExtentY de cVerBloqueos no es válido.
Línea 1194: el nombre de la propiedad Caption de cVerBloqueos no es válido.
Línea 1195: el nombre de la propiedad CapAlign de cVerBloqueos no es válido.
Línea 1196: el nombre de la propiedad BackStyle de cVerBloqueos no es válido.
Línea 1206: el nombre de la propiedad cGradient de cVerBloqueos no es válido.
Línea 1207: el nombre de la propiedad Mode de cVerBloqueos no es válido.
Línea 1208: el nombre de la propiedad Value de cVerBloqueos no es válido.
Línea 1209: el nombre de la propiedad cBack de cVerBloqueos no es válido.
Línea 1218: el nombre de la propiedad _ExtentX de cInsertarBloqueo no es válido.
Línea 1219: el nombre de la propiedad _ExtentY de cInsertarBloqueo no es válido.
Línea 1220: el nombre de la propiedad Caption de cInsertarBloqueo no es válido.
Línea 1221: el nombre de la propiedad CapAlign de cInsertarBloqueo no es válido.
Línea 1222: el nombre de la propiedad BackStyle de cInsertarBloqueo no es válido.
Línea 1232: el nombre de la propiedad cGradient de cInsertarBloqueo no es válido.
Línea 1233: el nombre de la propiedad Mode de cInsertarBloqueo no es válido.
Línea 1234: el nombre de la propiedad Value de cInsertarBloqueo no es válido.
Línea 1235: el nombre de la propiedad cBack de cInsertarBloqueo no es válido.
Línea 1244: el nombre de la propiedad _ExtentX de cQuitarBloqueo no es válido.
Línea 1245: el nombre de la propiedad _ExtentY de cQuitarBloqueo no es válido.
Línea 1246: el nombre de la propiedad Caption de cQuitarBloqueo no es válido.
Línea 1247: el nombre de la propiedad CapAlign de cQuitarBloqueo no es válido.
Línea 1248: el nombre de la propiedad BackStyle de cQuitarBloqueo no es válido.
Línea 1258: el nombre de la propiedad cGradient de cQuitarBloqueo no es válido.
Línea 1259: el nombre de la propiedad Mode de cQuitarBloqueo no es válido.
Línea 1260: el nombre de la propiedad Value de cQuitarBloqueo no es válido.
Línea 1261: el nombre de la propiedad cBack de cQuitarBloqueo no es válido.
Línea 1271: el nombre de la propiedad _ExtentX de cAgregarFuncalAzar no es válido.
Línea 1272: el nombre de la propiedad _ExtentY de cAgregarFuncalAzar no es válido.
Línea 1273: el nombre de la propiedad Caption de cAgregarFuncalAzar no es válido.
Línea 1274: el nombre de la propiedad CapAlign de cAgregarFuncalAzar no es válido.
Línea 1275: el nombre de la propiedad BackStyle de cAgregarFuncalAzar no es válido.
Línea 1285: el nombre de la propiedad cGradient de cAgregarFuncalAzar no es válido.
Línea 1286: el nombre de la propiedad Mode de cAgregarFuncalAzar no es válido.
Línea 1287: el nombre de la propiedad Value de cAgregarFuncalAzar no es válido.
Línea 1288: el nombre de la propiedad cBack de cAgregarFuncalAzar no es válido.
Línea 1298: el nombre de la propiedad _ExtentX de cQuitarFunc no es válido.
Línea 1299: el nombre de la propiedad _ExtentY de cQuitarFunc no es válido.
Línea 1300: el nombre de la propiedad Caption de cQuitarFunc no es válido.
Línea 1301: el nombre de la propiedad CapAlign de cQuitarFunc no es válido.
Línea 1302: el nombre de la propiedad BackStyle de cQuitarFunc no es válido.
Línea 1312: el nombre de la propiedad cGradient de cQuitarFunc no es válido.
Línea 1313: el nombre de la propiedad Mode de cQuitarFunc no es válido.
Línea 1314: el nombre de la propiedad Value de cQuitarFunc no es válido.
Línea 1315: el nombre de la propiedad cBack de cQuitarFunc no es válido.
Línea 1325: el nombre de la propiedad _ExtentX de cInsertarFunc no es válido.
Línea 1326: el nombre de la propiedad _ExtentY de cInsertarFunc no es válido.
Línea 1327: el nombre de la propiedad Caption de cInsertarFunc no es válido.
Línea 1328: el nombre de la propiedad CapAlign de cInsertarFunc no es válido.
Línea 1329: el nombre de la propiedad BackStyle de cInsertarFunc no es válido.
Línea 1339: el nombre de la propiedad cGradient de cInsertarFunc no es válido.
Línea 1340: el nombre de la propiedad Mode de cInsertarFunc no es válido.
Línea 1341: el nombre de la propiedad Value de cInsertarFunc no es válido.
Línea 1342: el nombre de la propiedad cBack de cInsertarFunc no es válido.
Línea 1352: el nombre de la propiedad _ExtentX de cInsertarFunc no es válido.
Línea 1353: el nombre de la propiedad _ExtentY de cInsertarFunc no es válido.
Línea 1354: el nombre de la propiedad Caption de cInsertarFunc no es válido.
Línea 1355: el nombre de la propiedad CapAlign de cInsertarFunc no es válido.
Línea 1356: el nombre de la propiedad BackStyle de cInsertarFunc no es válido.
Línea 1366: el nombre de la propiedad cGradient de cInsertarFunc no es válido.
Línea 1367: el nombre de la propiedad Mode de cInsertarFunc no es válido.
Línea 1368: el nombre de la propiedad Value de cInsertarFunc no es válido.
Línea 1369: el nombre de la propiedad cBack de cInsertarFunc no es válido.
Línea 1379: el nombre de la propiedad _ExtentX de cQuitarFunc no es válido.
Línea 1380: el nombre de la propiedad _ExtentY de cQuitarFunc no es válido.
Línea 1381: el nombre de la propiedad Caption de cQuitarFunc no es válido.
Línea 1382: el nombre de la propiedad CapAlign de cQuitarFunc no es válido.
Línea 1383: el nombre de la propiedad BackStyle de cQuitarFunc no es válido.
Línea 1393: el nombre de la propiedad cGradient de cQuitarFunc no es válido.
Línea 1394: el nombre de la propiedad Mode de cQuitarFunc no es válido.
Línea 1395: el nombre de la propiedad Value de cQuitarFunc no es válido.
Línea 1396: el nombre de la propiedad cBack de cQuitarFunc no es válido.
Línea 1406: el nombre de la propiedad _ExtentX de cAgregarFuncalAzar no es válido.
Línea 1407: el nombre de la propiedad _ExtentY de cAgregarFuncalAzar no es válido.
Línea 1408: el nombre de la propiedad Caption de cAgregarFuncalAzar no es válido.
Línea 1409: el nombre de la propiedad CapAlign de cAgregarFuncalAzar no es válido.
Línea 1410: el nombre de la propiedad BackStyle de cAgregarFuncalAzar no es válido.
Línea 1420: el nombre de la propiedad cGradient de cAgregarFuncalAzar no es válido.
Línea 1421: el nombre de la propiedad Mode de cAgregarFuncalAzar no es válido.
Línea 1422: el nombre de la propiedad Value de cAgregarFuncalAzar no es válido.
Línea 1423: el nombre de la propiedad cBack de cAgregarFuncalAzar no es válido.
Línea 1875: el nombre de la propiedad _ExtentX de Dialog no es válido.
Línea 1876: el nombre de la propiedad _ExtentY de Dialog no es válido.
Línea 1877: el nombre de la propiedad _Version de Dialog no es válido.
Línea 1894: el nombre de la propiedad _ExtentX de cmdInformacionDelMapa no es válido.
Línea 1895: el nombre de la propiedad _ExtentY de cmdInformacionDelMapa no es válido.
Línea 1896: el nombre de la propiedad Caption de cmdInformacionDelMapa no es válido.
Línea 1897: el nombre de la propiedad CapAlign de cmdInformacionDelMapa no es válido.
Línea 1898: el nombre de la propiedad BackStyle de cmdInformacionDelMapa no es válido.
Línea 1908: el nombre de la propiedad cGradient de cmdInformacionDelMapa no es válido.
Línea 1909: el nombre de la propiedad Mode de cmdInformacionDelMapa no es válido.
Línea 1910: el nombre de la propiedad Value de cmdInformacionDelMapa no es válido.
Línea 1911: el nombre de la propiedad cBack de cmdInformacionDelMapa no es válido.
Línea 2046: el nombre de la propiedad _ExtentX de SelectPanel no es válido.
Línea 2047: el nombre de la propiedad _ExtentY de SelectPanel no es válido.
Línea 2048: el nombre de la propiedad Caption de SelectPanel no es válido.
Línea 2049: el nombre de la propiedad CapAlign de SelectPanel no es válido.
Línea 2050: el nombre de la propiedad BackStyle de SelectPanel no es válido.
Línea 2051: el nombre de la propiedad Shape de SelectPanel no es válido.
Línea 2061: el nombre de la propiedad LockHover de SelectPanel no es válido.
Línea 2062: el nombre de la propiedad cGradient de SelectPanel no es válido.
Línea 2063: el nombre de la propiedad Mode de SelectPanel no es válido.
Línea 2064: el nombre de la propiedad Value de SelectPanel no es válido.
Línea 2065: el nombre de la propiedad CustomClick de SelectPanel no es válido.
Línea 2066: el nombre de la propiedad ImgAlign de SelectPanel no es válido.
Línea 2067: el nombre de la propiedad Image de SelectPanel no es válido.
Línea 2068: el nombre de la propiedad ImgSize de SelectPanel no es válido.
Línea 2069: el nombre de la propiedad cBack de SelectPanel no es válido.
