Línea 12: la propiedad Icon de FrmLauncher tenía una referencia a archivo no válida.
Línea 14: la propiedad MouseIcon de FrmLauncher tenía una referencia a archivo no válida.
Línea 16: la propiedad Picture de FrmLauncher tenía una referencia a archivo no válida.
Línea 47: la propiedad TextRTF de RichTextBox1 tenía un valor no válido.
Línea 53: la propiedad MouseIcon de Picture1 tenía una referencia a archivo no válida.
Línea 54: la propiedad Picture de Picture1 tenía una referencia a archivo no válida.
Línea 66: la propiedad MouseIcon de mp3 tenía una referencia a archivo no válida.
Línea 67: la propiedad Picture de mp3 tenía una referencia a archivo no válida.
Línea 79: la propiedad MouseIcon de efecto tenía una referencia a archivo no válida.
Línea 80: la propiedad Picture de efecto tenía una referencia a archivo no válida.
Línea 92: la propiedad MouseIcon de ambiental tenía una referencia a archivo no válida.
Línea 93: la propiedad Picture de ambiental tenía una referencia a archivo no válida.
Línea 111: la propiedad Picture de Psb1 tenía una referencia a archivo no válida.
Línea 113: la propiedad BarPicture de Psb1 tenía una referencia a archivo no válida.
Línea 129: la propiedad MouseIcon de Image6 tenía una referencia a archivo no válida.
Línea 138: la propiedad MouseIcon de Image5 tenía una referencia a archivo no válida.
Línea 145: la propiedad MouseIcon de Image4 tenía una referencia a archivo no válida.
Línea 152: la propiedad MouseIcon de Image3 tenía una referencia a archivo no válida.
Línea 159: la propiedad MouseIcon de manual tenía una referencia a archivo no válida.
Línea 168: la propiedad MouseIcon de web tenía una referencia a archivo no válida.
Línea 177: la propiedad MouseIcon de jugar tenía una referencia a archivo no válida.
Línea 186: la propiedad MouseIcon de Image2 tenía una referencia a archivo no válida.
Línea 193: la propiedad MouseIcon de Image1 tenía una referencia a archivo no válida.
Línea 200: la propiedad MouseIcon de Mp33 tenía una referencia a archivo no válida.
